{"level":"INFO","date":"2025-08-17T02:07:09.724+0900","msg":"logging init file start"}
{"level":"INFO","date":"2025-08-17T02:07:09.748+0900","msg":"info","Info":"Successfully opened db: ./resource/db/leveldb_3000.db"}
{"level":"INFO","date":"2025-08-17T02:07:09.749+0900","msg":"info","Info":"Node start."}
{"level":"INFO","date":"2025-08-17T02:07:09.749+0900","msg":"info","Info":"REST API Server starting on port8000"}
{"level":"INFO","date":"2025-08-17T02:07:09.749+0900","msg":"info","Info":"All services started"}
{"level":"INFO","date":"2025-08-17T02:48:23.731+0900","msg":"logging init file start"}
{"level":"INFO","date":"2025-08-17T02:48:23.760+0900","msg":"info","Info":"Successfully opened db: ./resource/db/leveldb_3000.db"}
{"level":"INFO","date":"2025-08-17T02:48:23.760+0900","msg":"info","Info":"wallet imported: %s17112bdf0c4b66abcb6b9651538a36da97031cca"}
{"level":"INFO","date":"2025-08-17T02:48:23.761+0900","msg":"info","Info":"Node start."}
{"level":"INFO","date":"2025-08-17T02:48:23.761+0900","msg":"info","Info":"REST API Server starting on port8000"}
{"level":"INFO","date":"2025-08-17T02:48:23.761+0900","msg":"info","Info":"All services started"}
{"level":"INFO","date":"2025-08-17T02:49:22.920+0900","msg":"logging init file start"}
{"level":"INFO","date":"2025-08-17T02:49:22.944+0900","msg":"info","Info":"Successfully opened db: ./resource/db/leveldb_3000.db"}
{"level":"INFO","date":"2025-08-17T02:49:22.944+0900","msg":"info","Info":"wallet imported: 17112bdf0c4b66abcb6b9651538a36da97031cca"}
{"level":"INFO","date":"2025-08-17T02:49:22.944+0900","msg":"info","Info":"Node start."}
{"level":"INFO","date":"2025-08-17T02:49:22.944+0900","msg":"info","Info":"REST API Server starting on port8000"}
{"level":"INFO","date":"2025-08-17T02:49:22.944+0900","msg":"info","Info":"All services started"}
{"level":"INFO","date":"2025-08-17T02:51:57.115+0900","msg":"logging init file start"}
{"level":"INFO","date":"2025-08-17T02:51:57.137+0900","msg":"info","Info":"Successfully opened db: ./resource/db/leveldb_3000.db"}
{"level":"INFO","date":"2025-08-17T02:51:57.138+0900","msg":"info","Info":"wallet imported: 0x17112bdf0c4b66abcb6b9651538a36da97031cca"}
{"level":"INFO","date":"2025-08-17T02:51:57.138+0900","msg":"info","Info":"Node start."}
{"level":"INFO","date":"2025-08-17T02:51:57.138+0900","msg":"info","Info":"REST API Server starting on port8000"}
{"level":"INFO","date":"2025-08-17T02:51:57.138+0900","msg":"info","Info":"All services started"}
{"level":"INFO","date":"2025-08-17T02:54:31.729+0900","msg":"info","Info":"Request:GET/api/v1/address/17112bdf0c4b66abcb6b9651538a36da97031cca/balanceDuration:490.333µs"}
{"level":"INFO","date":"2025-08-17T02:54:41.512+0900","msg":"info","Info":"Request:GET/api/v1/block/1Duration:599.25µs"}
{"level":"INFO","date":"2025-08-17T02:54:44.635+0900","msg":"info","Info":"Request:GET/api/v1/block/0Duration:720.333µs"}
