{"level":"INFO","date":"2025-09-02T00:36:44.762+0900","msg":"logging init file start"}
{"level":"INFO","date":"2025-09-02T00:36:44.797+0900","msg":"info","Info":"Successfully opened db: ./resource/db/leveldb_3000.db"}
{"level":"INFO","date":"2025-09-02T00:36:44.798+0900","msg":"info","Info":"wallet imported: 0x17112bdf0c4b66abcb6b9651538a36da97031cca"}
{"level":"INFO","date":"2025-09-02T00:36:44.798+0900","msg":"info","Info":"Node start."}
{"level":"INFO","date":"2025-09-02T00:36:44.799+0900","msg":"info","Info":"REST API Server starting on port8000"}
{"level":"INFO","date":"2025-09-02T00:36:44.799+0900","msg":"info","Info":"All services started"}
{"level":"INFO","date":"2025-09-02T00:37:46.038+0900","msg":"logging init file start"}
{"level":"ERROR","date":"2025-09-02T00:37:46.038+0900","msg":"error","Err":"Failed to open db: resource temporarily unavailable"}
{"level":"ERROR","date":"2025-09-02T00:37:46.038+0900","msg":"error","Err":"Failed to load db: resource temporarily unavailable"}
{"level":"ERROR","date":"2025-09-02T00:37:46.038+0900","msg":"error","Err":"Failed to initialize application:resource temporarily unavailable"}
{"level":"INFO","date":"2025-09-02T00:38:28.348+0900","msg":"logging init file start"}
{"level":"ERROR","date":"2025-09-02T00:38:28.349+0900","msg":"error","Err":"Failed to open db: resource temporarily unavailable"}
{"level":"ERROR","date":"2025-09-02T00:38:28.349+0900","msg":"error","Err":"Failed to load db: resource temporarily unavailable"}
{"level":"ERROR","date":"2025-09-02T00:38:28.349+0900","msg":"error","Err":"Failed to initialize application:resource temporarily unavailable"}
{"level":"INFO","date":"2025-09-02T00:42:46.957+0900","msg":"logging init file start"}
{"level":"ERROR","date":"2025-09-02T00:42:46.958+0900","msg":"error","Err":"Failed to open db: resource temporarily unavailable"}
{"level":"ERROR","date":"2025-09-02T00:42:46.958+0900","msg":"error","Err":"Failed to load db: resource temporarily unavailable"}
{"level":"ERROR","date":"2025-09-02T00:42:46.958+0900","msg":"error","Err":"Failed to initialize application:resource temporarily unavailable"}
{"level":"INFO","date":"2025-09-02T00:48:10.351+0900","msg":"logging init file start"}
{"level":"ERROR","date":"2025-09-02T00:48:10.351+0900","msg":"error","Err":"Failed to open db: resource temporarily unavailable"}
{"level":"ERROR","date":"2025-09-02T00:48:10.351+0900","msg":"error","Err":"Failed to load db: resource temporarily unavailable"}
{"level":"INFO","date":"2025-09-02T00:49:36.232+0900","msg":"logging init file start"}
{"level":"ERROR","date":"2025-09-02T00:49:36.232+0900","msg":"error","Err":"Failed to open db: resource temporarily unavailable"}
{"level":"ERROR","date":"2025-09-02T00:49:36.232+0900","msg":"error","Err":"Failed to load db: resource temporarily unavailable"}
{"level":"INFO","date":"2025-09-02T00:51:01.190+0900","msg":"logging init file start"}
{"level":"ERROR","date":"2025-09-02T00:51:01.191+0900","msg":"error","Err":"Failed to open db: resource temporarily unavailable"}
{"level":"ERROR","date":"2025-09-02T00:51:01.191+0900","msg":"error","Err":"Failed to load db: resource temporarily unavailable"}
{"level":"INFO","date":"2025-09-02T00:51:18.854+0900","msg":"info","Info":"Request:GET/api/v1/statusDuration:111.25µs"}
{"level":"INFO","date":"2025-09-02T00:51:19.976+0900","msg":"info","Info":"Request:GET/api/v1/statusDuration:37.333µs"}
{"level":"INFO","date":"2025-09-02T00:51:51.538+0900","msg":"info","Info":"Request:GET/api/v1/block/latestDuration:3.044584ms"}
{"level":"INFO","date":"2025-09-02T00:54:38.777+0900","msg":"info","Info":"Arrived terminate signal: terminated"}
{"level":"INFO","date":"2025-09-02T00:54:38.777+0900","msg":"info","Info":"Shutting down REST API Server..."}
{"level":"INFO","date":"2025-09-02T00:54:38.778+0900","msg":"info","Info":"All resources cleaned up"}
{"level":"INFO","date":"2025-09-02T00:54:38.778+0900","msg":"info","Info":"Node terminated."}
{"level":"INFO","date":"2025-09-02T00:55:21.338+0900","msg":"logging init file start"}
{"level":"INFO","date":"2025-09-02T00:55:21.361+0900","msg":"info","Info":"Successfully opened db: ./resource/db/leveldb_3000.db"}
{"level":"INFO","date":"2025-09-02T00:55:21.361+0900","msg":"info","Info":"wallet imported: 0x17112bdf0c4b66abcb6b9651538a36da97031cca"}
{"level":"INFO","date":"2025-09-02T00:55:21.362+0900","msg":"info","Info":"Node start."}
{"level":"INFO","date":"2025-09-02T00:55:21.362+0900","msg":"info","Info":"REST API Server starting on port8000"}
{"level":"INFO","date":"2025-09-02T00:55:21.362+0900","msg":"info","Info":"All services started"}
{"level":"INFO","date":"2025-09-02T00:56:48.873+0900","msg":"info","Info":"Arrived terminate signal: terminated"}
{"level":"INFO","date":"2025-09-02T00:56:48.874+0900","msg":"info","Info":"Shutting down REST API Server..."}
{"level":"INFO","date":"2025-09-02T00:56:48.875+0900","msg":"info","Info":"All resources cleaned up"}
{"level":"INFO","date":"2025-09-02T00:56:48.875+0900","msg":"info","Info":"Node terminated."}
