{"level":"INFO","date":"2025-06-29T17:16:55.234+0900","msg":"logging init file start"}
{"level":"INFO","date":"2025-06-29T17:16:55.268+0900","msg":"info","Info":"Successfully opened db: ./resource/db/leveldb_3000.db"}
{"level":"INFO","date":"2025-06-29T17:16:55.270+0900","msg":"info","Info":"Node start."}
{"level":"INFO","date":"2025-06-29T17:16:55.271+0900","msg":"info","Info":"REST API Server starting on port8000"}
{"level":"INFO","date":"2025-06-29T17:16:55.271+0900","msg":"info","Info":"All services started"}
{"level":"INFO","date":"2025-06-29T17:17:09.902+0900","msg":"info","Info":"Request:POST/api/v1/txDuration:12.647394875s"}
{"level":"INFO","date":"2025-06-29T17:19:08.751+0900","msg":"logging init file start"}
{"level":"INFO","date":"2025-06-29T17:19:08.771+0900","msg":"info","Info":"Successfully opened db: ./resource/db/leveldb_3000.db"}
{"level":"INFO","date":"2025-06-29T17:19:08.772+0900","msg":"info","Info":"Node start."}
{"level":"INFO","date":"2025-06-29T17:19:08.772+0900","msg":"info","Info":"REST API Server starting on port8000"}
{"level":"INFO","date":"2025-06-29T17:19:08.772+0900","msg":"info","Info":"All services started"}
{"level":"INFO","date":"2025-06-29T17:20:12.970+0900","msg":"info","Info":"Request:POST/api/v1/txDuration:11.492409125s"}
{"level":"INFO","date":"2025-06-29T17:23:51.929+0900","msg":"info","Info":"Request:POST/api/v1/txDuration:3m16.898864959s"}
{"level":"INFO","date":"2025-06-29T17:24:04.649+0900","msg":"logging init file start"}
{"level":"INFO","date":"2025-06-29T17:24:04.692+0900","msg":"info","Info":"Successfully opened db: ./resource/db/leveldb_3000.db"}
{"level":"INFO","date":"2025-06-29T17:24:04.693+0900","msg":"info","Info":"Node start."}
{"level":"INFO","date":"2025-06-29T17:24:04.693+0900","msg":"info","Info":"REST API Server starting on port8000"}
{"level":"INFO","date":"2025-06-29T17:24:04.693+0900","msg":"info","Info":"All services started"}
{"level":"INFO","date":"2025-06-29T17:24:15.144+0900","msg":"info","Info":"Request:POST/api/v1/txDuration:7.620014959s"}
{"level":"INFO","date":"2025-06-29T17:32:08.296+0900","msg":"info","Info":"Request:POST/api/v1/txDuration:8.571424875s"}
{"level":"INFO","date":"2025-06-29T18:56:55.264+0900","msg":"logging init file start"}
{"level":"INFO","date":"2025-06-29T18:56:55.284+0900","msg":"info","Info":"Successfully opened db: ./resource/db/leveldb_3000.db"}
{"level":"INFO","date":"2025-06-29T18:56:55.284+0900","msg":"info","Info":"Node start."}
{"level":"INFO","date":"2025-06-29T18:56:55.285+0900","msg":"info","Info":"REST API Server starting on port8000"}
{"level":"INFO","date":"2025-06-29T18:56:55.285+0900","msg":"info","Info":"All services started"}
{"level":"INFO","date":"2025-06-29T18:57:03.694+0900","msg":"info","Info":"Request:GET/api/v1/address/abcfeabcfeabcfeabcfeabcfeabcfeabcfeabcfe/utxoDuration:754.667µs"}
{"level":"INFO","date":"2025-06-29T18:58:49.399+0900","msg":"info","Info":"Request:GET/api/v1/address/abcfeabcfeabcfeabcfeabcfeabcfeabcfeabcfe/utxoDuration:14.475810833s"}
{"level":"INFO","date":"2025-06-29T18:59:19.830+0900","msg":"logging init file start"}
{"level":"INFO","date":"2025-06-29T18:59:19.850+0900","msg":"info","Info":"Successfully opened db: ./resource/db/leveldb_3000.db"}
{"level":"INFO","date":"2025-06-29T18:59:19.851+0900","msg":"info","Info":"Node start."}
{"level":"INFO","date":"2025-06-29T18:59:19.851+0900","msg":"info","Info":"REST API Server starting on port8000"}
{"level":"INFO","date":"2025-06-29T18:59:19.851+0900","msg":"info","Info":"All services started"}
{"level":"INFO","date":"2025-06-29T19:45:28.345+0900","msg":"logging init file start"}
{"level":"INFO","date":"2025-06-29T19:45:28.368+0900","msg":"info","Info":"Successfully opened db: ./resource/db/leveldb_3000.db"}
{"level":"INFO","date":"2025-06-29T19:45:28.368+0900","msg":"info","Info":"Node start."}
{"level":"INFO","date":"2025-06-29T19:45:28.368+0900","msg":"info","Info":"REST API Server starting on port8000"}
{"level":"INFO","date":"2025-06-29T19:45:28.368+0900","msg":"info","Info":"All services started"}
{"level":"INFO","date":"2025-06-29T19:45:37.496+0900","msg":"info","Info":"Request:POST/api/v1/txDuration:3.256346792s"}
{"level":"INFO","date":"2025-06-29T19:45:50.001+0900","msg":"info","Info":"Request:POST/api/v1/txDuration:1.866191625s"}
{"level":"INFO","date":"2025-06-29T19:45:58.685+0900","msg":"info","Info":"Request:POST/api/v1/txDuration:1.044436083s"}
{"level":"INFO","date":"2025-06-29T19:51:43.354+0900","msg":"logging init file start"}
{"level":"INFO","date":"2025-06-29T19:51:43.372+0900","msg":"info","Info":"Successfully opened db: ./resource/db/leveldb_3000.db"}
{"level":"INFO","date":"2025-06-29T19:51:43.375+0900","msg":"info","Info":"Node start."}
{"level":"INFO","date":"2025-06-29T19:51:43.375+0900","msg":"info","Info":"REST API Server starting on port8000"}
{"level":"INFO","date":"2025-06-29T19:51:43.375+0900","msg":"info","Info":"All services started"}
{"level":"INFO","date":"2025-06-29T19:51:58.753+0900","msg":"info","Info":"Request:GET/api/v1/statusDuration:203.292µs"}
{"level":"INFO","date":"2025-06-29T19:52:46.253+0900","msg":"info","Info":"Request:GET/api/v1/block/latestDuration:858.708µs"}
{"level":"INFO","date":"2025-06-29T19:53:01.822+0900","msg":"info","Info":"Request:GET/api/v1/address/abcfeabcfeabcfeabcfeabcfeabcfeabcfeabcfe/balanceDuration:891.416µs"}
{"level":"INFO","date":"2025-06-29T19:53:31.976+0900","msg":"info","Info":"Request:GET/api/v1/address/ABCFEABCFEABCFEABCFEABCFEABCFEABCFEABCFE/balanceDuration:636.5µs"}
{"level":"INFO","date":"2025-06-29T19:53:44.751+0900","msg":"info","Info":"Request:GET/api/v1/statusDuration:49.375µs"}
{"level":"INFO","date":"2025-06-29T19:53:55.351+0900","msg":"info","Info":"Request:GET/api/v1/address/abcfeabcfeabcfeabcfeabcfeabcfeabcfeabcfe/utxoDuration:1.331166ms"}
{"level":"INFO","date":"2025-06-29T19:53:59.863+0900","msg":"info","Info":"Request:GET/api/v1/address/ABCFEABCFEABCFEABCFEABCFEABCFEABCFEABCFE/utxoDuration:396.917µs"}
{"level":"INFO","date":"2025-06-29T19:54:03.231+0900","msg":"info","Info":"Request:GET/api/v1/address/abcfeabcfeabcfeabcfeabcfeabcfeabcfeabcfe/utxoDuration:188.084µs"}
{"level":"INFO","date":"2025-06-29T19:55:27.283+0900","msg":"logging init file start"}
{"level":"INFO","date":"2025-06-29T19:55:27.303+0900","msg":"info","Info":"Successfully opened db: ./resource/db/leveldb_3000.db"}
{"level":"INFO","date":"2025-06-29T19:55:27.304+0900","msg":"info","Info":"Node start."}
{"level":"INFO","date":"2025-06-29T19:55:27.304+0900","msg":"info","Info":"REST API Server starting on port8000"}
{"level":"INFO","date":"2025-06-29T19:55:27.304+0900","msg":"info","Info":"All services started"}
{"level":"INFO","date":"2025-06-29T19:55:56.066+0900","msg":"logging init file start"}
{"level":"INFO","date":"2025-06-29T19:55:56.095+0900","msg":"info","Info":"Successfully opened db: ./resource/db/leveldb_3000.db"}
{"level":"INFO","date":"2025-06-29T19:56:52.434+0900","msg":"info","Info":"Node start."}
{"level":"INFO","date":"2025-06-29T19:56:52.435+0900","msg":"info","Info":"REST API Server starting on port8000"}
{"level":"INFO","date":"2025-06-29T19:56:52.435+0900","msg":"info","Info":"All services started"}
{"level":"INFO","date":"2025-06-29T19:56:55.329+0900","msg":"info","Info":"Request:GET/api/v1/address/abcfeabcfeabcfeabcfeabcfeabcfeabcfeabcfe/utxoDuration:9.12625ms"}
{"level":"INFO","date":"2025-06-29T19:59:34.828+0900","msg":"logging init file start"}
{"level":"INFO","date":"2025-06-29T19:59:34.845+0900","msg":"info","Info":"Successfully opened db: ./resource/db/leveldb_3000.db"}
{"level":"INFO","date":"2025-06-29T20:00:15.672+0900","msg":"info","Info":"Node start."}
{"level":"INFO","date":"2025-06-29T20:00:15.673+0900","msg":"info","Info":"REST API Server starting on port8000"}
{"level":"INFO","date":"2025-06-29T20:00:15.673+0900","msg":"info","Info":"All services started"}
{"level":"INFO","date":"2025-06-29T20:00:18.195+0900","msg":"info","Info":"Request:GET/api/v1/address/abcfeabcfeabcfeabcfeabcfeabcfeabcfeabcfe/utxoDuration:1.420667ms"}
{"level":"INFO","date":"2025-06-29T20:00:23.795+0900","msg":"info","Info":"Request:GET/api/v1/address/abcfeabcfeabcfeabcfeabcfeabcfeabcfeabcfe/utxoDuration:1.812ms"}
{"level":"INFO","date":"2025-06-29T20:00:43.080+0900","msg":"info","Info":"Request:GET/api/v1/address/abcfeabcfeabcfeabcfeabcfeabcfeabcfeabcfe/utxoDuration:1.323ms"}
{"level":"INFO","date":"2025-06-29T20:00:43.744+0900","msg":"info","Info":"Request:GET/api/v1/address/abcfeabcfeabcfeabcfeabcfeabcfeabcfeabcfe/utxoDuration:1.021291ms"}
{"level":"INFO","date":"2025-06-29T20:01:15.370+0900","msg":"logging init file start"}
{"level":"INFO","date":"2025-06-29T20:01:15.390+0900","msg":"info","Info":"Successfully opened db: ./resource/db/leveldb_3000.db"}
{"level":"INFO","date":"2025-06-29T20:01:17.840+0900","msg":"info","Info":"Node start."}
{"level":"INFO","date":"2025-06-29T20:01:17.840+0900","msg":"info","Info":"REST API Server starting on port8000"}
{"level":"INFO","date":"2025-06-29T20:01:17.840+0900","msg":"info","Info":"All services started"}
{"level":"INFO","date":"2025-06-29T20:01:20.041+0900","msg":"info","Info":"Request:GET/api/v1/address/abcfeabcfeabcfeabcfeabcfeabcfeabcfeabcfe/utxoDuration:428.333µs"}
{"level":"INFO","date":"2025-06-29T20:01:21.089+0900","msg":"info","Info":"Request:GET/api/v1/address/abcfeabcfeabcfeabcfeabcfeabcfeabcfeabcfe/utxoDuration:515.416µs"}
{"level":"INFO","date":"2025-06-29T20:01:47.468+0900","msg":"info","Info":"Request:GET/api/v1/block/0Duration:658µs"}
{"level":"INFO","date":"2025-06-29T20:02:04.678+0900","msg":"info","Info":"Request:GET/api/v1/address/abcfeabcfeabcfeabcfeabcfeabcfeabcfeabcfe/utxoDuration:524.125µs"}
{"level":"INFO","date":"2025-06-29T20:02:42.261+0900","msg":"info","Info":"Request:GET/api/v1/address/abcfeabcfeabcfeabcfeabcfeabcfeabcfeabcfe/utxoDuration:2.223851667s"}
{"level":"INFO","date":"2025-06-29T20:03:13.095+0900","msg":"info","Info":"Request:GET/api/v1/address/abcfeabcfeabcfeabcfeabcfeabcfeabcfeabcfe/utxoDuration:29.08345925s"}
{"level":"INFO","date":"2025-06-29T20:21:48.609+0900","msg":"logging init file start"}
{"level":"INFO","date":"2025-06-29T20:21:48.622+0900","msg":"info","Info":"Successfully opened db: ./resource/db/leveldb_3000.db"}
{"level":"INFO","date":"2025-06-29T20:21:51.797+0900","msg":"info","Info":"Node start."}
{"level":"INFO","date":"2025-06-29T20:21:51.797+0900","msg":"info","Info":"REST API Server starting on port8000"}
{"level":"INFO","date":"2025-06-29T20:21:51.797+0900","msg":"info","Info":"All services started"}
{"level":"INFO","date":"2025-06-29T20:21:55.242+0900","msg":"info","Info":"Request:GET/api/v1/address/abcfeabcfeabcfeabcfeabcfeabcfeabcfeabcfe/utxoDuration:990.334µs"}
{"level":"INFO","date":"2025-06-29T20:22:05.029+0900","msg":"info","Info":"Request:GET/api/v1/address/abcfeabcfeabcfeabcfeabcfeabcfeabcfeabcfe/utxoDuration:1.065833ms"}
{"level":"INFO","date":"2025-06-29T20:22:33.719+0900","msg":"info","Info":"Request:GET/api/v1/address/abcfeabcfeabcfeabcfeabcfeabcfeabcfeabcfe/utxoDuration:4.669667ms"}
{"level":"INFO","date":"2025-06-29T20:22:47.126+0900","msg":"info","Info":"Request:GET/api/v1/address/abcfeabcfeabcfeabcfeabcfeabcfeabcfeabcfe/balanceDuration:661.25µs"}
{"level":"INFO","date":"2025-06-29T20:23:27.746+0900","msg":"info","Info":"Request:GET/api/v1/address/abcfeabcfeabcfeabcfeabcfeabcfeabcfeabcfe/balanceDuration:17.694632333s"}
{"level":"INFO","date":"2025-06-29T20:23:46.986+0900","msg":"info","Info":"Request:GET/api/v1/address/abcfeabcfeabcfeabcfeabcfeabcfeabcfeabcfe/balanceDuration:16.421022s"}
{"level":"INFO","date":"2025-06-29T20:24:14.599+0900","msg":"info","Info":"Request:GET/api/v1/address/abcfeabcfeabcfeabcfeabcfeabcfeabcfeabcfe/balanceDuration:625.75µs"}
{"level":"INFO","date":"2025-06-29T20:24:39.615+0900","msg":"logging init file start"}
{"level":"INFO","date":"2025-06-29T20:24:39.634+0900","msg":"info","Info":"Successfully opened db: ./resource/db/leveldb_3000.db"}
{"level":"INFO","date":"2025-06-29T20:53:15.012+0900","msg":"logging init file start"}
{"level":"INFO","date":"2025-06-29T20:53:15.035+0900","msg":"info","Info":"Successfully opened db: ./resource/db/leveldb_3000.db"}
{"level":"INFO","date":"2025-06-29T20:53:20.685+0900","msg":"info","Info":"Node start."}
{"level":"INFO","date":"2025-06-29T20:53:20.685+0900","msg":"info","Info":"REST API Server starting on port8000"}
{"level":"INFO","date":"2025-06-29T20:53:20.685+0900","msg":"info","Info":"All services started"}
{"level":"INFO","date":"2025-06-29T20:53:22.727+0900","msg":"info","Info":"Request:GET/api/v1/address/abcfeabcfeabcfeabcfeabcfeabcfeabcfeabcfe/balanceDuration:914.209µs"}
{"level":"INFO","date":"2025-06-29T20:53:29.418+0900","msg":"info","Info":"Request:GET/api/v1/address/abcfeabcfeabcfeabcfeabcfeabcfeabcfeabcfe/balanceDuration:604.542µs"}
{"level":"INFO","date":"2025-06-29T20:53:32.937+0900","msg":"info","Info":"Request:GET/api/v1/address/abcfeabcfeabcfeabcfeabcfeabcfeabcfeabcfe/utxoDuration:1.53075ms"}
{"level":"INFO","date":"2025-06-29T20:53:35.426+0900","msg":"info","Info":"Request:GET/api/v1/address/abcfeabcfeabcfeabcfeabcfeabcfeabcfeabcfe/utxoDuration:478µs"}
{"level":"INFO","date":"2025-06-29T20:58:27.860+0900","msg":"logging init file start"}
{"level":"INFO","date":"2025-06-29T20:58:27.880+0900","msg":"info","Info":"Successfully opened db: ./resource/db/leveldb_3000.db"}
{"level":"INFO","date":"2025-06-29T21:01:51.265+0900","msg":"logging init file start"}
{"level":"INFO","date":"2025-06-29T21:01:51.290+0900","msg":"info","Info":"Successfully opened db: ./resource/db/leveldb_3000.db"}
{"level":"INFO","date":"2025-06-29T21:01:54.041+0900","msg":"info","Info":"Node start."}
{"level":"INFO","date":"2025-06-29T21:01:54.041+0900","msg":"info","Info":"REST API Server starting on port8000"}
{"level":"INFO","date":"2025-06-29T21:01:54.041+0900","msg":"info","Info":"All services started"}
{"level":"INFO","date":"2025-06-29T21:02:01.736+0900","msg":"info","Info":"Request:GET/api/v1/address/abcfeabcfeabcfeabcfeabcfeabcfeabcfeabcfe/utxoDuration:773.208µs"}
{"level":"INFO","date":"2025-06-29T21:04:41.965+0900","msg":"logging init file start"}
{"level":"INFO","date":"2025-06-29T21:04:41.984+0900","msg":"info","Info":"Successfully opened db: ./resource/db/leveldb_3000.db"}
{"level":"INFO","date":"2025-06-29T21:04:41.985+0900","msg":"info","Info":"Node start."}
{"level":"INFO","date":"2025-06-29T21:04:41.985+0900","msg":"info","Info":"REST API Server starting on port8000"}
{"level":"INFO","date":"2025-06-29T21:04:41.985+0900","msg":"info","Info":"All services started"}
{"level":"INFO","date":"2025-06-29T21:04:51.530+0900","msg":"info","Info":"Request:GET/api/v1/address/abcfeabcfeabcfeabcfeabcfeabcfeabcfeabcfe/utxoDuration:8.572836125s"}
{"level":"INFO","date":"2025-06-29T21:05:37.636+0900","msg":"logging init file start"}
{"level":"INFO","date":"2025-06-29T21:05:37.650+0900","msg":"info","Info":"Successfully opened db: ./resource/db/leveldb_3000.db"}
